#
# A fatal error has been detected by the Java Runtime Environment:
#
#  EXCEPTION_ACCESS_VIOLATION (0xc0000005) at pc=0x00000000711282cd, pid=8560, tid=0x0000000000003184
#
# JRE version: Java(TM) SE Runtime Environment (8.0_231-b11) (build 1.8.0_231-b11)
# Java VM: Java HotSpot(TM) 64-Bit Server VM (25.231-b11 mixed mode windows-amd64 compressed oops)
# Problematic frame:
# V  [jvm.dll+0x1e82cd]
#
# Failed to write core dump. Minidumps are not enabled by default on client versions of Windows
#
# If you would like to submit a bug report, please visit:
#   http://bugreport.java.com/bugreport/crash.jsp
#

---------------  T H R E A D  ---------------

Current thread (0x0000000002ec4000):  JavaThread "main" [_thread_in_vm, id=12676, stack(0x0000000002860000,0x0000000002960000)]

siginfo: ExceptionCode=0xc0000005, writing address 0x0000000000000010

Registers:
RAX=0x0000000002ec4000, RBX=0x0000000002ec4000, RCX=0x0000000000000007, RDX=0x000000000295f1c0
RSP=0x000000000295f0d0, RBP=0x000000000295f188, RSI=0x0000000000000010, RDI=0x0000000000000000
R8 =0x0000000000000010, R9 =0x0000000000000000, R10=0x0000000002fd8c3b, R11=0x000000007116cf70
R12=0x0000000000000000, R13=0x000000001c0ceb70, R14=0x000000000295f1c0, R15=0x0000000002ec4000
RIP=0x00000000711282cd, EFLAGS=0x0000000000010246

Top of Stack: (sp=0x000000000295f0d0)
0x000000000295f0d0:   00000007000000b6 0000000002ec4000
0x000000000295f0e0:   000000001c0ceb70 000000001c320548
0x000000000295f0f0:   0000000002fc7da0 0000000002fd8c67
0x000000000295f100:   000000001c0ceb70 000000001c320548
0x000000000295f110:   0000000002fc7da0 0000000002fd89ab
0x000000000295f120:   0000000002ec4000 000000001c0ceb70
0x000000000295f130:   000000001c320548 0000000002ec4000
0x000000000295f140:   0000000002fd8962 000000000295f148
0x000000000295f150:   000000001c0ceb70 000000000295f1c0
0x000000000295f160:   000000001c0fc960 0000000000000000
0x000000000295f170:   000000001c0ceb70 0000000000000000
0x000000000295f180:   000000000295f1a8 000000000295f208
0x000000000295f190:   0000000002fc835d 0000000000000000
0x000000000295f1a0:   0000000002fd21d8 0000000000000000
0x000000000295f1b0:   0000000000000010 0000000000000010
0x000000000295f1c0:   000000076b0089b0 000000000295f1c8 

Instructions: (pc=0x00000000711282cd)
0x00000000711282ad:   bf 05 00 c7 83 70 02 00 00 06 00 00 00 8b 0d 78
0x00000000711282bd:   48 5d 00 ff 15 2a b1 3f 00 c6 80 94 02 00 00 01
0x00000000711282cd:   89 3e c6 80 94 02 00 00 00 48 8b 7b 48 48 8b 47
0x00000000711282dd:   10 48 8b 77 08 48 83 38 00 74 15 48 8b 57 28 48 


Register to memory mapping:

RAX=0x0000000002ec4000 is a thread
RBX=0x0000000002ec4000 is a thread
RCX=0x0000000000000007 is an unknown value
RDX=0x000000000295f1c0 is pointing into the stack for thread: 0x0000000002ec4000
RSP=0x000000000295f0d0 is pointing into the stack for thread: 0x0000000002ec4000
RBP=0x000000000295f188 is pointing into the stack for thread: 0x0000000002ec4000
RSI=0x0000000000000010 is an unknown value
RDI=0x0000000000000000 is an unknown value
R8 =0x0000000000000010 is an unknown value
R9 =0x0000000000000000 is an unknown value
R10=0x0000000002fd8c3b is at code_begin+891 in an Interpreter codelet
method entry point (kind = native)  [0x0000000002fd88c0, 0x0000000002fd9280]  2496 bytes
R11=0x000000007116cf70 is an unknown value
R12=0x0000000000000000 is an unknown value
R13={method} {0x000000001c0ceb78} 'putInt' '(JI)V' in 'sun/misc/Unsafe'
R14=0x000000000295f1c0 is pointing into the stack for thread: 0x0000000002ec4000
R15=0x0000000002ec4000 is a thread


Stack: [0x0000000002860000,0x0000000002960000],  sp=0x000000000295f0d0,  free space=1020k
Native frames: (J=compiled Java code, j=interpreted, Vv=VM code, C=native code)
V  [jvm.dll+0x1e82cd]
C  0x0000000002fd8c67

Java frames: (J=compiled Java code, j=interpreted, Vv=VM code)
j  sun.misc.Unsafe.putInt(JI)V+0
j  unsafe.UnsafeMain.main([Ljava/lang/String;)V+62
v  ~StubRoutines::call_stub

---------------  P R O C E S S  ---------------

Java Threads: ( => current thread )
  0x000000001eb37800 JavaThread "Service Thread" daemon [_thread_blocked, id=7824, stack(0x000000001f520000,0x000000001f620000)]
  0x000000001eaa0800 JavaThread "C1 CompilerThread3" daemon [_thread_blocked, id=8536, stack(0x000000001f420000,0x000000001f520000)]
  0x000000001ea9b800 JavaThread "C2 CompilerThread2" daemon [_thread_blocked, id=16900, stack(0x000000001f320000,0x000000001f420000)]
  0x000000001ea99000 JavaThread "C2 CompilerThread1" daemon [_thread_blocked, id=13612, stack(0x000000001f220000,0x000000001f320000)]
  0x000000001ea98000 JavaThread "C2 CompilerThread0" daemon [_thread_blocked, id=4108, stack(0x000000001f120000,0x000000001f220000)]
  0x000000001ea96800 JavaThread "Monitor Ctrl-Break" daemon [_thread_in_native, id=14688, stack(0x000000001f020000,0x000000001f120000)]
  0x000000001e85a000 JavaThread "Attach Listener" daemon [_thread_blocked, id=15252, stack(0x000000001ef20000,0x000000001f020000)]
  0x000000001e858000 JavaThread "Signal Dispatcher" daemon [_thread_blocked, id=9020, stack(0x000000001ee20000,0x000000001ef20000)]
  0x000000001e841000 JavaThread "Finalizer" daemon [_thread_blocked, id=9648, stack(0x000000001ed20000,0x000000001ee20000)]
  0x000000001e840800 JavaThread "Reference Handler" daemon [_thread_blocked, id=14388, stack(0x000000001ec20000,0x000000001ed20000)]
=>0x0000000002ec4000 JavaThread "main" [_thread_in_vm, id=12676, stack(0x0000000002860000,0x0000000002960000)]

Other Threads:
  0x000000001ca38800 VMThread [stack: 0x000000001e720000,0x000000001e820000] [id=15428]
  0x000000001eb5c800 WatcherThread [stack: 0x000000001f620000,0x000000001f720000] [id=16712]

VM state:not at safepoint (normal execution)

VM Mutex/Monitor currently owned by a thread: None

heap address: 0x00000006c1000000, size: 4080 MB, Compressed Oops mode: Zero based, Oop shift amount: 3
Narrow klass base: 0x0000000000000000, Narrow klass shift: 3
Compressed class space size: 1073741824 Address: 0x00000007c0000000

Heap:
 PSYoungGen      total 76288K, used 5243K [0x000000076b000000, 0x0000000770500000, 0x00000007c0000000)
  eden space 65536K, 8% used [0x000000076b000000,0x000000076b51efd0,0x000000076f000000)
  from space 10752K, 0% used [0x000000076fa80000,0x000000076fa80000,0x0000000770500000)
  to   space 10752K, 0% used [0x000000076f000000,0x000000076f000000,0x000000076fa80000)
 ParOldGen       total 175104K, used 0K [0x00000006c1000000, 0x00000006cbb00000, 0x000000076b000000)
  object space 175104K, 0% used [0x00000006c1000000,0x00000006c1000000,0x00000006cbb00000)
 Metaspace       used 3270K, capacity 4500K, committed 4864K, reserved 1056768K
  class space    used 356K, capacity 388K, committed 512K, reserved 1048576K

Card table byte_map: [0x0000000012380000,0x0000000012b80000] byte_map_base: 0x000000000ed78000

Marking Bits: (ParMarkBitMap*) 0x0000000071766d90
 Begin Bits: [0x00000000138d0000, 0x0000000017890000)
 End Bits:   [0x0000000017890000, 0x000000001b850000)

Polling page: 0x0000000000b90000

CodeCache: size=245760Kb used=1135Kb max_used=1147Kb free=244624Kb
 bounds [0x0000000002fc0000, 0x0000000003230000, 0x0000000011fc0000]
 total_blobs=294 nmethods=36 adapters=172
 compilation: enabled

Compilation events (10 events):
Event: 0.133 Thread 0x000000001ea9b800 nmethod 24 0x00000000030d9110 code [0x00000000030d9260, 0x00000000030d9418]
Event: 0.134 Thread 0x000000001eaa0800   33       3       java.util.HashMap::putVal (300 bytes)
Event: 0.134 Thread 0x000000001eaa0800 nmethod 33 0x00000000030dc4d0 code [0x00000000030dc740, 0x00000000030dda38]
Event: 0.134 Thread 0x000000001eaa0800   34       3       java.util.concurrent.ConcurrentHashMap::tabAt (21 bytes)
Event: 0.134 Thread 0x000000001eaa0800 nmethod 34 0x00000000030d8950 code [0x00000000030d8aa0, 0x00000000030d8cd0]
Event: 0.134 Thread 0x000000001eaa0800   32       3       java.util.HashMap::put (13 bytes)
Event: 0.134 Thread 0x000000001eaa0800 nmethod 32 0x00000000030d82d0 code [0x00000000030d8460, 0x00000000030d8818]
Event: 0.135 Thread 0x000000001eaa0800   36       3       java.util.HashMap$Node::<init> (26 bytes)
Event: 0.135 Thread 0x000000001eaa0800 nmethod 36 0x00000000030d7e90 code [0x00000000030d7fe0, 0x00000000030d81f0]
Event: 0.135 Thread 0x000000001ea98000 nmethod 31 0x00000000030dbe50 code [0x00000000030dbfa0, 0x00000000030dc2e8]

GC Heap History (0 events):
No events

Deoptimization events (0 events):
No events

Classes redefined (0 events):
No events

Internal exceptions (2 events):
Event: 0.026 Thread 0x0000000002ec4000 Exception <a 'java/lang/NoSuchMethodError': Method sun.misc.Unsafe.defineClass(Ljava/lang/String;[BII)Ljava/lang/Class; name or signature does not match> (0x000000076b007cb8) thrown at [C:\re\workspace\8-2-build-windows-amd64-cygwin\jdk8u231\13620\hotspot
Event: 0.026 Thread 0x0000000002ec4000 Exception <a 'java/lang/NoSuchMethodError': Method sun.misc.Unsafe.prefetchRead(Ljava/lang/Object;J)V name or signature does not match> (0x000000076b007fa0) thrown at [C:\re\workspace\8-2-build-windows-amd64-cygwin\jdk8u231\13620\hotspot\src\share\vm\prim

Events (10 events):
Event: 0.134 loading class sun/reflect/UnsafeQualifiedStaticObjectFieldAccessorImpl
Event: 0.134 loading class sun/reflect/UnsafeQualifiedStaticFieldAccessorImpl
Event: 0.134 loading class sun/reflect/UnsafeQualifiedStaticFieldAccessorImpl done
Event: 0.134 loading class sun/reflect/UnsafeQualifiedStaticObjectFieldAccessorImpl done
Event: 0.134 loading class java/util/HashMap$EntrySet
Event: 0.135 loading class java/util/HashMap$EntrySet done
Event: 0.135 loading class java/util/HashMap$EntryIterator
Event: 0.135 loading class java/util/HashMap$HashIterator
Event: 0.135 loading class java/util/HashMap$HashIterator done
Event: 0.135 loading class java/util/HashMap$EntryIterator done


Dynamic libraries:
0x00007ff60b8a0000 - 0x00007ff60b8d7000 	C:\Program Files\Java\jdk1.8.0_231\bin\java.exe
0x00007ffe04e60000 - 0x00007ffe05050000 	C:\Windows\SYSTEM32\ntdll.dll
0x00007ffe044f0000 - 0x00007ffe045a2000 	C:\Windows\System32\KERNEL32.DLL
0x00007ffe022b0000 - 0x00007ffe02553000 	C:\Windows\System32\KERNELBASE.dll
0x00007ffe043b0000 - 0x00007ffe04453000 	C:\Windows\System32\ADVAPI32.dll
0x00007ffe04a70000 - 0x00007ffe04b0e000 	C:\Windows\System32\msvcrt.dll
0x00007ffe03170000 - 0x00007ffe03207000 	C:\Windows\System32\sechost.dll
0x00007ffe03050000 - 0x00007ffe03170000 	C:\Windows\System32\RPCRT4.dll
0x00007ffe04210000 - 0x00007ffe043a4000 	C:\Windows\System32\USER32.dll
0x00007ffe02280000 - 0x00007ffe022a1000 	C:\Windows\System32\win32u.dll
0x00007ffe045b0000 - 0x00007ffe045d6000 	C:\Windows\System32\GDI32.dll
0x00007ffe01f50000 - 0x00007ffe020e4000 	C:\Windows\System32\gdi32full.dll
0x00007ffe020f0000 - 0x00007ffe0218e000 	C:\Windows\System32\msvcp_win.dll
0x00007ffe01df0000 - 0x00007ffe01eea000 	C:\Windows\System32\ucrtbase.dll
0x00007ffdf7f90000 - 0x00007ffdf8215000 	C:\Windows\WinSxS\amd64_microsoft.windows.common-controls_6595b64144ccf1df_6.0.18362.535_none_e6c3b34713100821\COMCTL32.dll
0x00007ffe04730000 - 0x00007ffe04a66000 	C:\Windows\System32\combase.dll
0x00007ffe02190000 - 0x00007ffe02210000 	C:\Windows\System32\bcryptPrimitives.dll
0x00007ffe032e0000 - 0x00007ffe0330e000 	C:\Windows\System32\IMM32.DLL
0x00000000717f0000 - 0x00000000718c2000 	C:\Program Files\Java\jdk1.8.0_231\jre\bin\msvcr100.dll
0x0000000070f40000 - 0x00000000717e6000 	C:\Program Files\Java\jdk1.8.0_231\jre\bin\server\jvm.dll
0x00007ffe04650000 - 0x00007ffe04658000 	C:\Windows\System32\PSAPI.DLL
0x00007ffdf8230000 - 0x00007ffdf8239000 	C:\Windows\SYSTEM32\WSOCK32.dll
0x00007ffe02fe0000 - 0x00007ffe0304f000 	C:\Windows\System32\WS2_32.dll
0x00007ffdffcb0000 - 0x00007ffdffcd4000 	C:\Windows\SYSTEM32\WINMM.dll
0x00007ffdfbfa0000 - 0x00007ffdfbfaa000 	C:\Windows\SYSTEM32\VERSION.dll
0x00007ffdff820000 - 0x00007ffdff84d000 	C:\Windows\SYSTEM32\winmmbase.dll
0x00007ffe02210000 - 0x00007ffe0225a000 	C:\Windows\System32\cfgmgr32.dll
0x00007ffdf8530000 - 0x00007ffdf853f000 	C:\Program Files\Java\jdk1.8.0_231\jre\bin\verify.dll
0x00007ffded2b0000 - 0x00007ffded2d9000 	C:\Program Files\Java\jdk1.8.0_231\jre\bin\java.dll
0x00007ffde9180000 - 0x00007ffde91a3000 	C:\Program Files\Java\jdk1.8.0_231\jre\bin\instrument.dll
0x00007ffdf1440000 - 0x00007ffdf1456000 	C:\Program Files\Java\jdk1.8.0_231\jre\bin\zip.dll
0x00007ffe03930000 - 0x00007ffe04015000 	C:\Windows\System32\SHELL32.dll
0x00007ffe03390000 - 0x00007ffe03439000 	C:\Windows\System32\shcore.dll
0x00007ffe02790000 - 0x00007ffe02f0f000 	C:\Windows\System32\windows.storage.dll
0x00007ffe01dd0000 - 0x00007ffe01def000 	C:\Windows\System32\profapi.dll
0x00007ffe01d60000 - 0x00007ffe01daa000 	C:\Windows\System32\powrprof.dll
0x00007ffe01d30000 - 0x00007ffe01d40000 	C:\Windows\System32\UMPDC.dll
0x00007ffe038d0000 - 0x00007ffe03922000 	C:\Windows\System32\shlwapi.dll
0x00007ffe01db0000 - 0x00007ffe01dc1000 	C:\Windows\System32\kernel.appcore.dll
0x00007ffe02260000 - 0x00007ffe02277000 	C:\Windows\System32\cryptsp.dll
0x00007ffde87f0000 - 0x00007ffde880a000 	F:\JetBrains\IntelliJ IDEA 2019.2.3\bin\breakgen64.dll
0x00007ffdeea20000 - 0x00007ffdeea3a000 	C:\Program Files\Java\jdk1.8.0_231\jre\bin\net.dll
0x00007ffe01540000 - 0x00007ffe015a7000 	C:\Windows\system32\mswsock.dll
0x00007ffdf3170000 - 0x00007ffdf3364000 	C:\Windows\SYSTEM32\dbghelp.dll

VM Arguments:
jvm_args: -javaagent:F:\JetBrains\IntelliJ IDEA 2019.2.3\lib\idea_rt.jar=50030:F:\JetBrains\IntelliJ IDEA 2019.2.3\bin -Dfile.encoding=UTF-8 
java_command: unsafe.UnsafeMain
java_class_path (initial): C:\Program Files\Java\jdk1.8.0_231\jre\lib\charsets.jar;C:\Program Files\Java\jdk1.8.0_231\jre\lib\deploy.jar;C:\Program Files\Java\jdk1.8.0_231\jre\lib\ext\access-bridge-64.jar;C:\Program Files\Java\jdk1.8.0_231\jre\lib\ext\cldrdata.jar;C:\Program Files\Java\jdk1.8.0_231\jre\lib\ext\dnsns.jar;C:\Program Files\Java\jdk1.8.0_231\jre\lib\ext\jaccess.jar;C:\Program Files\Java\jdk1.8.0_231\jre\lib\ext\jfxrt.jar;C:\Program Files\Java\jdk1.8.0_231\jre\lib\ext\localedata.jar;C:\Program Files\Java\jdk1.8.0_231\jre\lib\ext\nashorn.jar;C:\Program Files\Java\jdk1.8.0_231\jre\lib\ext\sunec.jar;C:\Program Files\Java\jdk1.8.0_231\jre\lib\ext\sunjce_provider.jar;C:\Program Files\Java\jdk1.8.0_231\jre\lib\ext\sunmscapi.jar;C:\Program Files\Java\jdk1.8.0_231\jre\lib\ext\sunpkcs11.jar;C:\Program Files\Java\jdk1.8.0_231\jre\lib\ext\zipfs.jar;C:\Program Files\Java\jdk1.8.0_231\jre\lib\javaws.jar;C:\Program Files\Java\jdk1.8.0_231\jre\lib\jce.jar;C:\Program Files\Java\jdk1.8.0_231\jre\lib\jfr.jar;C:\Program Files\Java\jdk1.8.0_231\jre\lib\jfxswt.jar;C:\Program Files\Java\jdk1.8.0_231\jre\lib\jsse.jar;C:\Program Files\Java\jdk1.8.0_231\jre\lib\management-agent.jar;C:\Program Files\Java\jdk1.8.0_231\jre\lib\plugin.jar;C:\Program Files\Java\jdk1.8.0_231\jre\lib\resources.jar;C:\Program Files\Java\jdk1.8.0_231\jre\lib\rt.jar;F:\idea-workspace\springboot214\lock\target\classes;C:\Users\mawt\.m2\repository\org\springframework\boot\spring-boot-autoconfigure\2.1.4.RELEASE\spring-boot-autoconfigure-2.1.4.RELEASE.jar;C:\Users\mawt\.m2\repository\org\springframework\boot\spring-boot\2.1.4.RELEASE\spring-boot-2.1.4.RELEASE.jar;C:\Users\mawt\.m2\repository\org\springframework\spring-context\5.1.6.RELEASE\spring-context-5.1.6.RELEASE.jar;C:\Users\mawt\.m2\repository\org\springframework\boot\spring-boot-starter-web\2.1.4.RELEASE\spring-boot-starter-web-2.1.4.RELEASE.jar;C:\Users\mawt\.m2\repository\org\springframework\boot\spring-boot-starter\2.1.4.RELEASE\spring-boot-star
Launcher Type: SUN_STANDARD

Environment Variables:
JAVA_HOME=C:\Program Files\Java\jdk1.8.0_231
CLASSPATH=.;C:\Program Files\Java\jdk1.8.0_231\lib;C:\Program Files\Java\jdk1.8.0_231\lib\tools.jar
PATH=C:\Program Files (x86)\Common Files\Oracle\Java\javapath;C:\Windows\system32;C:\Windows;C:\Windows\System32\Wbem;C:\Windows\System32\WindowsPowerShell\v1.0\;C:\Windows\System32\OpenSSH\;C:\Program Files (x86)\NVIDIA Corporation\PhysX\Common;C:\Program Files\NVIDIA Corporation\NVIDIA NvDLISR;F:\apache-maven-3.6.2\bin;C:\Program Files\Java\jdk1.8.0_231\bin;C:\Program Files\Java\jdk1.8.0_231\jre\bin;C:\Program Files\Git\cmd;C:\Program Files\erl10.3\bin;C:\Users\mawt\AppData\Local\Microsoft\WindowsApps;D:\Fiddler;C:\Users\mawt\AppData\Local\BypassRuntm
USERNAME=mawt
OS=Windows_NT
PROCESSOR_IDENTIFIER=Intel64 Family 6 Model 158 Stepping 13, GenuineIntel



---------------  S Y S T E M  ---------------

OS: Windows 10.0 , 64 bit Build 18362 (10.0.18362.329)

CPU:total 8 (initial active 8) (8 cores per cpu, 1 threads per core) family 6 model 158 stepping 13, cmov, cx8, fxsr, mmx, sse, sse2, sse3, ssse3, sse4.1, sse4.2, popcnt, avx, avx2, aes, clmul, erms, rtm, 3dnowpref, lzcnt, tsc, tscinvbit, bmi1, bmi2, adx

Memory: 4k page, physical 16704064k(8885856k free), swap 21160512k(5833088k free)

vm_info: Java HotSpot(TM) 64-Bit Server VM (25.231-b11) for windows-amd64 JRE (1.8.0_231-b11), built on Oct  5 2019 03:11:30 by "java_re" with MS VC++ 10.0 (VS2010)

time: Fri Jan 17 10:35:15 2020
timezone: 中国标准时间
elapsed time: 0 seconds (0d 0h 0m 0s)

